<?xml version="1.0" encoding="UTF-8"?>
<!-- Generated by org.testng.reporters.JUnitReportReporter -->
<testsuite skipped="0" hostname="LAPTOP-5G2HF13C" name="TestNG.Example13_Assert4_assertFalse" tests="1" failures="0" timestamp="2021-12-14T20:06:07 IST" time="0.011" errors="0">
  <testcase name="assertFalse" time="0.011" classname="TestNG.Example13_Assert4_assertFalse"/>
  <system-out/>
</testsuite> <!-- TestNG.Example13_Assert4_assertFalse -->
