<?xml version="1.0" encoding="UTF-8"?>
<!-- Generated by org.testng.reporters.JUnitReportReporter -->
<testsuite skipped="0" hostname="LAPTOP-5G2HF13C" name="POM_With_DDF_TestNG.KiteLogin" tests="1" failures="0" timestamp="2021-12-19T19:28:50 IST" time="4.674" errors="0">
  <testcase name="VerifyName" time="4.674" classname="POM_With_DDF_TestNG.KiteLogin"/>
  <system-out/>
</testsuite> <!-- POM_With_DDF_TestNG.KiteLogin -->
