<?xml version="1.0" encoding="UTF-8"?>
<!-- Generated by org.testng.reporters.JUnitReportReporter -->
<testsuite skipped="0" hostname="LAPTOP-5G2HF13C" name="TestNG.Example3_Annotation" tests="2" failures="0" timestamp="2021-12-13T22:49:23 IST" time="0.006" errors="0">
  <testcase name="TC2" time="0.001" classname="TestNG.Example3_Annotation"/>
  <system-out>
    <![CDATA[Verify PN2]]>
  </system-out>
  <testcase name="TC1" time="0.005" classname="TestNG.Example3_Annotation"/>
  <system-out>
    <![CDATA[Verify PN1]]>
  </system-out>
</testsuite> <!-- TestNG.Example3_Annotation -->
