<?xml version="1.0" encoding="UTF-8"?>
<!-- Generated by org.testng.reporters.JUnitReportReporter -->
<testsuite skipped="0" hostname="LAPTOP-5G2HF13C" name="TestNG2.Example1_Disable_TC_Include" tests="2" failures="0" timestamp="2021-12-16T21:35:07 IST" time="0.018" errors="0">
  <testcase name="TC2" time="0.002" classname="TestNG2.Example1_Disable_TC_Include"/>
  <system-out>
    <![CDATA[Running TC2]]>
  </system-out>
  <testcase name="TC1" time="0.016" classname="TestNG2.Example1_Disable_TC_Include"/>
  <system-out>
    <![CDATA[Running TC1]]>
  </system-out>
</testsuite> <!-- TestNG2.Example1_Disable_TC_Include -->
