<?xml version="1.0" encoding="UTF-8"?>
<!-- Generated by org.testng.reporters.JUnitReportReporter -->
<testsuite skipped="0" hostname="LAPTOP-5G2HF13C" name="TestNG.Example11_Assert2_assertNotEquals" tests="1" failures="0" timestamp="2021-12-14T19:57:09 IST" time="0.010" errors="0">
  <testcase name="assertNotEquals" time="0.010" classname="TestNG.Example11_Assert2_assertNotEquals"/>
  <system-out/>
</testsuite> <!-- TestNG.Example11_Assert2_assertNotEquals -->
