<?xml version="1.0" encoding="UTF-8"?>
<!-- Generated by org.testng.reporters.JUnitReportReporter -->
<testsuite skipped="0" hostname="LAPTOP-5G2HF13C" name="TestNG.Example1_TestNG_Class" tests="1" failures="0" timestamp="2021-12-10T23:36:19 IST" time="76.927" errors="0">
  <testcase name="m1" time="76.927" classname="TestNG.Example1_TestNG_Class"/>
  <system-out/>
</testsuite> <!-- TestNG.Example1_TestNG_Class -->
