<?xml version="1.0" encoding="UTF-8"?>
<!-- Generated by org.testng.reporters.JUnitReportReporter -->
<testsuite skipped="0" hostname="LAPTOP-5G2HF13C" name="TestNG.Example10" tests="2" failures="0" timestamp="2021-12-14T19:42:19 IST" time="0.003" errors="0">
  <testcase name="TC4" time="0.002" classname="TestNG.Example10"/>
  <system-out>
    <![CDATA[Verify PN4]]>
  </system-out>
  <testcase name="TC3" time="0.001" classname="TestNG.Example10"/>
  <system-out>
    <![CDATA[Verify PN3]]>
  </system-out>
</testsuite> <!-- TestNG.Example10 -->
