<?xml version="1.0" encoding="UTF-8"?>
<!-- Generated by org.testng.reporters.JUnitReportReporter -->
<testsuite skipped="1" hostname="LAPTOP-5G2HF13C" name="TestNG.Example6_keyword_enable" tests="3" failures="0" timestamp="2021-12-13T23:08:03 IST" time="0.012" errors="0">
  <testcase name="TC3" time="0.002" classname="TestNG.Example6_keyword_enable"/>
  <system-out>
    <![CDATA[Verify PN3]]>
  </system-out>
  <testcase name="TC1" time="0.010" classname="TestNG.Example6_keyword_enable"/>
  <system-out>
    <![CDATA[Verify PN1]]>
  </system-out>
  <testcase name="TC2" classname="TestNG.Example6_keyword_enable">
    <skipped/>
  </testcase> <!-- TC2 -->
  <system-out/>
</testsuite> <!-- TestNG.Example6_keyword_enable -->
