<?xml version="1.0" encoding="UTF-8"?>
<!-- Generated by org.testng.reporters.JUnitReportReporter -->
<testsuite skipped="0" hostname="LAPTOP-5G2HF13C" name="TestNG2.Example4_Group1" tests="3" failures="0" timestamp="2021-12-16T21:48:02 IST" time="0.005" errors="0">
  <testcase name="TC1" time="0.001" classname="TestNG2.Example4_Group1"/>
  <system-out>
    <![CDATA[Running TC1]]>
  </system-out>
  <testcase name="TC4" time="0.002" classname="TestNG2.Example4_Group1"/>
  <system-out>
    <![CDATA[Running TC4]]>
  </system-out>
  <testcase name="TC2" time="0.002" classname="TestNG2.Example4_Group1"/>
  <system-out>
    <![CDATA[Running TC2]]>
  </system-out>
</testsuite> <!-- TestNG2.Example4_Group1 -->
