<?xml version="1.0" encoding="UTF-8"?>
<!-- Generated by org.testng.reporters.JUnitReportReporter -->
<testsuite skipped="0" hostname="LAPTOP-5G2HF13C" name="TestNG2.Example3_Parallel2" tests="1" failures="0" timestamp="2022-01-02T23:34:19 IST" time="147.464" errors="0">
  <testcase name="Facebook" time="147.464" classname="TestNG2.Example3_Parallel2"/>
  <system-out/>
</testsuite> <!-- TestNG2.Example3_Parallel2 -->
