<?xml version="1.0" encoding="UTF-8"?>
<!-- Generated by org.testng.reporters.JUnitReportReporter -->
<testsuite skipped="0" hostname="LAPTOP-5G2HF13C" name="TestNG2.Example6_MuliBrowser_Testing" tests="1" failures="0" timestamp="2021-12-17T20:38:06 IST" time="42.012" errors="0">
  <testcase name="TC1" time="42.012" classname="TestNG2.Example6_MuliBrowser_Testing"/>
  <system-out/>
</testsuite> <!-- TestNG2.Example6_MuliBrowser_Testing -->
