<?xml version="1.0" encoding="UTF-8"?>
<!-- Generated by org.testng.reporters.JUnitReportReporter -->
<testsuite skipped="0" hostname="LAPTOP-5G2HF13C" name="TestNG.Example2_EmailReporting" tests="2" failures="0" timestamp="2021-12-14T11:21:26 IST" time="0.015" errors="0">
  <testcase name="TC2" time="0.004" classname="TestNG.Example2_EmailReporting"/>
  <system-out>
    <![CDATA[Running TC2]]>
  </system-out>
  <testcase name="TC1" time="0.011" classname="TestNG.Example2_EmailReporting"/>
  <system-out>
    <![CDATA[Running TC1]]>
  </system-out>
</testsuite> <!-- TestNG.Example2_EmailReporting -->
