<?xml version="1.0" encoding="UTF-8"?>
<!-- Generated by org.testng.reporters.JUnitReportReporter -->
<testsuite skipped="0" hostname="LAPTOP-5G2HF13C" name="TestNG.Example4_Keyword_InvocationCount" tests="5" failures="0" timestamp="2021-12-13T23:00:01 IST" time="0.015" errors="0">
  <testcase name="TC1" time="0.001" classname="TestNG.Example4_Keyword_InvocationCount"/>
  <system-out>
    <![CDATA[Run TC1]]>
  </system-out>
  <testcase name="TC1" time="0.011" classname="TestNG.Example4_Keyword_InvocationCount"/>
  <system-out>
    <![CDATA[Run TC1]]>
  </system-out>
  <testcase name="TC1" time="0.001" classname="TestNG.Example4_Keyword_InvocationCount"/>
  <system-out>
    <![CDATA[Run TC1]]>
  </system-out>
  <testcase name="TC1" time="0.000" classname="TestNG.Example4_Keyword_InvocationCount"/>
  <system-out>
    <![CDATA[Run TC1]]>
  </system-out>
  <testcase name="TC1" time="0.002" classname="TestNG.Example4_Keyword_InvocationCount"/>
  <system-out>
    <![CDATA[Run TC1]]>
  </system-out>
</testsuite> <!-- TestNG.Example4_Keyword_InvocationCount -->
