<?xml version="1.0" encoding="UTF-8"?>
<!-- Generated by org.testng.reporters.JUnitReportReporter -->
<testsuite skipped="0" hostname="LAPTOP-5G2HF13C" name="TestNG.Example1" tests="1" failures="0" timestamp="2021-12-14T19:46:45 IST" time="0.014" errors="0">
  <testcase name="TC1" time="0.014" classname="TestNG.Example1"/>
  <system-out>
    <![CDATA[Verify PN1]]>
  </system-out>
</testsuite> <!-- TestNG.Example1 -->
