<?xml version="1.0" encoding="UTF-8"?>
<!-- Generated by org.testng.reporters.JUnitReportReporter -->
<testsuite skipped="0" hostname="LAPTOP-5G2HF13C" name="TestNG.Example5_Keyword_Prority2" tests="4" failures="0" timestamp="2021-12-13T23:05:34 IST" time="0.019" errors="0">
  <testcase name="TC3" time="0.012" classname="TestNG.Example5_Keyword_Prority2"/>
  <system-out>
    <![CDATA[Verify PN3]]>
  </system-out>
  <testcase name="TC1" time="0.003" classname="TestNG.Example5_Keyword_Prority2"/>
  <system-out>
    <![CDATA[Verify PN1]]>
  </system-out>
  <testcase name="TC4" time="0.003" classname="TestNG.Example5_Keyword_Prority2"/>
  <system-out>
    <![CDATA[Verify PN4]]>
  </system-out>
  <testcase name="TC2" time="0.001" classname="TestNG.Example5_Keyword_Prority2"/>
  <system-out>
    <![CDATA[Verify PN2]]>
  </system-out>
</testsuite> <!-- TestNG.Example5_Keyword_Prority2 -->
