<?xml version="1.0" encoding="UTF-8"?>
<!-- Generated by org.testng.reporters.JUnitReportReporter -->
<testsuite skipped="0" hostname="LAPTOP-5G2HF13C" name="TestNG.Example15_Assert6_assertNotNull" tests="1" failures="0" timestamp="2021-12-14T20:10:54 IST" time="0.012" errors="0">
  <testcase name="assertNotNull" time="0.012" classname="TestNG.Example15_Assert6_assertNotNull"/>
  <system-out/>
</testsuite> <!-- TestNG.Example15_Assert6_assertNotNull -->
