<?xml version="1.0" encoding="UTF-8"?>
<!-- Generated by org.testng.reporters.JUnitReportReporter -->
<testsuite skipped="0" hostname="LAPTOP-5G2HF13C" name="TestNG2.Example5_Group2" tests="3" failures="0" timestamp="2021-12-16T21:48:02 IST" time="0.011" errors="0">
  <testcase name="TC2" time="0.001" classname="TestNG2.Example5_Group2"/>
  <system-out>
    <![CDATA[Running TC2]]>
  </system-out>
  <testcase name="TC1" time="0.009" classname="TestNG2.Example5_Group2"/>
  <system-out>
    <![CDATA[Running TC1]]>
  </system-out>
  <testcase name="TC4" time="0.001" classname="TestNG2.Example5_Group2"/>
  <system-out>
    <![CDATA[Running TC4]]>
  </system-out>
</testsuite> <!-- TestNG2.Example5_Group2 -->
