<?xml version="1.0" encoding="UTF-8"?>
<!-- Generated by org.testng.reporters.JUnitReportReporter -->
<testsuite skipped="0" hostname="LAPTOP-5G2HF13C" name="TestNG.Example14_Assert5_assertNull" tests="1" failures="0" timestamp="2021-12-14T20:08:44 IST" time="0.011" errors="0">
  <testcase name="assertNull" time="0.011" classname="TestNG.Example14_Assert5_assertNull"/>
  <system-out/>
</testsuite> <!-- TestNG.Example14_Assert5_assertNull -->
